=========================
Training CLS Stage 1 (Train1 only)
=========================
Stage1 - Epoch: [  1| 10] | SAE Loss: 0.587 | CLS Loss: 3.070
Stage1 - Epoch: [  2| 10] | SAE Loss: 0.290 | CLS Loss: 2.074
Stage1 - Epoch: [  3| 10] | SAE Loss: 0.214 | CLS Loss: 1.767
Stage1 - Epoch: [  4| 10] | SAE Loss: 0.158 | CLS Loss: 1.648
Stage1 - Epoch: [  5| 10] | SAE Loss: 0.145 | CLS Loss: 1.360
Stage1 - Epoch: [  6| 10] | SAE Loss: 0.133 | CLS Loss: 1.163
Stage1 - Epoch: [  7| 10] | SAE Loss: 0.124 | CLS Loss: 1.031
Stage1 - Epoch: [  8| 10] | SAE Loss: 0.120 | CLS Loss: 0.907
Stage1 - Epoch: [  9| 10] | SAE Loss: 0.118 | CLS Loss: 0.886
Stage1 - Epoch: [ 10| 10] | SAE Loss: 0.115 | CLS Loss: 0.837
=========================
Training CLS Stage 2 (Train1:0.5, Train2:1.0)
=========================
Stage2 - Epoch: [  1| 10] | SAE Loss: 0.133 | CLS Loss: 0.844
Stage2 - Epoch: [  2| 10] | SAE Loss: 0.127 | CLS Loss: 0.777
Stage2 - Epoch: [  3| 10] | SAE Loss: 0.123 | CLS Loss: 0.713
Stage2 - Epoch: [  4| 10] | SAE Loss: 0.118 | CLS Loss: 0.666
Stage2 - Epoch: [  5| 10] | SAE Loss: 0.114 | CLS Loss: 0.682
Stage2 - Epoch: [  6| 10] | SAE Loss: 0.111 | CLS Loss: 0.641
Stage2 - Epoch: [  7| 10] | SAE Loss: 0.107 | CLS Loss: 0.626
Stage2 - Epoch: [  8| 10] | SAE Loss: 0.104 | CLS Loss: 0.645
Stage2 - Epoch: [  9| 10] | SAE Loss: 0.102 | CLS Loss: 0.589
Stage2 - Epoch: [ 10| 10] | SAE Loss: 0.099 | CLS Loss: 0.553
=========================
Training CLS Stage 3 (Train1:0.25, Train2:0.5, Train3:1.0)
=========================
Stage3 - Epoch: [  1| 10] | SAE Loss: 0.111 | CLS Loss: 0.548
Stage3 - Epoch: [  2| 10] | SAE Loss: 0.106 | CLS Loss: 0.501
Stage3 - Epoch: [  3| 10] | SAE Loss: 0.101 | CLS Loss: 0.476
Stage3 - Epoch: [  4| 10] | SAE Loss: 0.097 | CLS Loss: 0.463
Stage3 - Epoch: [  5| 10] | SAE Loss: 0.094 | CLS Loss: 0.430
Stage3 - Epoch: [  6| 10] | SAE Loss: 0.090 | CLS Loss: 0.418
Stage3 - Epoch: [  7| 10] | SAE Loss: 0.087 | CLS Loss: 0.406
Stage3 - Epoch: [  8| 10] | SAE Loss: 0.084 | CLS Loss: 0.382
Stage3 - Epoch: [  9| 10] | SAE Loss: 0.081 | CLS Loss: 0.371
Stage3 - Epoch: [ 10| 10] | SAE Loss: 0.078 | CLS Loss: 0.349
