=========================
Training CLS Stage 1 (Train1 only)
=========================
Stage1 - Epoch: [  1| 10] | SAE Loss: 0.735 | CLS Loss: 2.956
Stage1 - Epoch: [  2| 10] | SAE Loss: 0.336 | CLS Loss: 1.991
Stage1 - Epoch: [  3| 10] | SAE Loss: 0.259 | CLS Loss: 1.670
Stage1 - Epoch: [  4| 10] | SAE Loss: 0.216 | CLS Loss: 1.312
Stage1 - Epoch: [  5| 10] | SAE Loss: 0.200 | CLS Loss: 1.203
Stage1 - Epoch: [  6| 10] | SAE Loss: 0.183 | CLS Loss: 1.089
Stage1 - Epoch: [  7| 10] | SAE Loss: 0.165 | CLS Loss: 1.069
Stage1 - Epoch: [  8| 10] | SAE Loss: 0.157 | CLS Loss: 1.020
Stage1 - Epoch: [  9| 10] | SAE Loss: 0.148 | CLS Loss: 0.874
Stage1 - Epoch: [ 10| 10] | SAE Loss: 0.147 | CLS Loss: 0.863
=========================
Training CLS Stage 2 (Train1:0.5, Train2:1.0)
=========================
Stage2 - Epoch: [  1| 10] | SAE Loss: 0.167 | CLS Loss: 0.780
Stage2 - Epoch: [  2| 10] | SAE Loss: 0.160 | CLS Loss: 0.692
Stage2 - Epoch: [  3| 10] | SAE Loss: 0.154 | CLS Loss: 0.651
Stage2 - Epoch: [  4| 10] | SAE Loss: 0.148 | CLS Loss: 0.626
Stage2 - Epoch: [  5| 10] | SAE Loss: 0.142 | CLS Loss: 0.633
Stage2 - Epoch: [  6| 10] | SAE Loss: 0.135 | CLS Loss: 0.572
Stage2 - Epoch: [  7| 10] | SAE Loss: 0.127 | CLS Loss: 0.540
Stage2 - Epoch: [  8| 10] | SAE Loss: 0.125 | CLS Loss: 0.531
Stage2 - Epoch: [  9| 10] | SAE Loss: 0.121 | CLS Loss: 0.497
Stage2 - Epoch: [ 10| 10] | SAE Loss: 0.118 | CLS Loss: 0.463
=========================
Training CLS Stage 3 (Train1:0.25, Train2:0.5, Train3:1.0)
=========================
Stage3 - Epoch: [  1| 10] | SAE Loss: 0.136 | CLS Loss: 0.486
Stage3 - Epoch: [  2| 10] | SAE Loss: 0.131 | CLS Loss: 0.435
Stage3 - Epoch: [  3| 10] | SAE Loss: 0.126 | CLS Loss: 0.413
Stage3 - Epoch: [  4| 10] | SAE Loss: 0.122 | CLS Loss: 0.423
Stage3 - Epoch: [  5| 10] | SAE Loss: 0.119 | CLS Loss: 0.385
Stage3 - Epoch: [  6| 10] | SAE Loss: 0.115 | CLS Loss: 0.365
Stage3 - Epoch: [  7| 10] | SAE Loss: 0.110 | CLS Loss: 0.363
Stage3 - Epoch: [  8| 10] | SAE Loss: 0.107 | CLS Loss: 0.349
Stage3 - Epoch: [  9| 10] | SAE Loss: 0.103 | CLS Loss: 0.340
Stage3 - Epoch: [ 10| 10] | SAE Loss: 0.100 | CLS Loss: 0.330
