=========================
Training CLS Stage 1 (Train1 only)
=========================
Stage1 - Epoch: [  1| 10] | SAE Loss: 0.556 | CLS Loss: 4.494
Stage1 - Epoch: [  2| 10] | SAE Loss: 0.397 | CLS Loss: 3.898
Stage1 - Epoch: [  3| 10] | SAE Loss: 0.353 | CLS Loss: 3.533
Stage1 - Epoch: [  4| 10] | SAE Loss: 0.315 | CLS Loss: 3.228
Stage1 - Epoch: [  5| 10] | SAE Loss: 0.276 | CLS Loss: 2.976
Stage1 - Epoch: [  6| 10] | SAE Loss: 0.245 | CLS Loss: 2.698
Stage1 - Epoch: [  7| 10] | SAE Loss: 0.226 | CLS Loss: 2.491
Stage1 - Epoch: [  8| 10] | SAE Loss: 0.209 | CLS Loss: 2.366
Stage1 - Epoch: [  9| 10] | SAE Loss: 0.196 | CLS Loss: 2.231
Stage1 - Epoch: [ 10| 10] | SAE Loss: 0.186 | CLS Loss: 2.124
=========================
Training CLS Stage 2 (Train1:0.5, Train2:1.0)
=========================
Stage2 - Epoch: [  1| 10] | SAE Loss: 0.197 | CLS Loss: 2.191
Stage2 - Epoch: [  2| 10] | SAE Loss: 0.173 | CLS Loss: 1.971
Stage2 - Epoch: [  3| 10] | SAE Loss: 0.159 | CLS Loss: 1.904
Stage2 - Epoch: [  4| 10] | SAE Loss: 0.147 | CLS Loss: 1.806
Stage2 - Epoch: [  5| 10] | SAE Loss: 0.138 | CLS Loss: 1.720
Stage2 - Epoch: [  6| 10] | SAE Loss: 0.130 | CLS Loss: 1.609
Stage2 - Epoch: [  7| 10] | SAE Loss: 0.123 | CLS Loss: 1.541
Stage2 - Epoch: [  8| 10] | SAE Loss: 0.118 | CLS Loss: 1.486
Stage2 - Epoch: [  9| 10] | SAE Loss: 0.113 | CLS Loss: 1.438
Stage2 - Epoch: [ 10| 10] | SAE Loss: 0.109 | CLS Loss: 1.370
=========================
Training CLS Stage 3 (Train1:0.25, Train2:0.5, Train3:1.0)
=========================
Stage3 - Epoch: [  1| 10] | SAE Loss: 0.095 | CLS Loss: 1.327
Stage3 - Epoch: [  2| 10] | SAE Loss: 0.090 | CLS Loss: 1.255
Stage3 - Epoch: [  3| 10] | SAE Loss: 0.086 | CLS Loss: 1.206
Stage3 - Epoch: [  4| 10] | SAE Loss: 0.082 | CLS Loss: 1.170
Stage3 - Epoch: [  5| 10] | SAE Loss: 0.079 | CLS Loss: 1.148
Stage3 - Epoch: [  6| 10] | SAE Loss: 0.076 | CLS Loss: 1.092
Stage3 - Epoch: [  7| 10] | SAE Loss: 0.073 | CLS Loss: 1.078
Stage3 - Epoch: [  8| 10] | SAE Loss: 0.071 | CLS Loss: 1.053
Stage3 - Epoch: [  9| 10] | SAE Loss: 0.070 | CLS Loss: 1.034
Stage3 - Epoch: [ 10| 10] | SAE Loss: 0.068 | CLS Loss: 1.010
