=========================
Training CLS Stage 1 (Train1 only)
=========================
Stage1 - Epoch: [  1| 10] | SAE Loss: 0.421 | CLS Loss: 5.161
Stage1 - Epoch: [  2| 10] | SAE Loss: 0.299 | CLS Loss: 4.565
Stage1 - Epoch: [  3| 10] | SAE Loss: 0.246 | CLS Loss: 4.313
Stage1 - Epoch: [  4| 10] | SAE Loss: 0.216 | CLS Loss: 4.151
Stage1 - Epoch: [  5| 10] | SAE Loss: 0.192 | CLS Loss: 4.012
Stage1 - Epoch: [  6| 10] | SAE Loss: 0.170 | CLS Loss: 3.795
Stage1 - Epoch: [  7| 10] | SAE Loss: 0.154 | CLS Loss: 3.707
Stage1 - Epoch: [  8| 10] | SAE Loss: 0.141 | CLS Loss: 3.617
Stage1 - Epoch: [  9| 10] | SAE Loss: 0.131 | CLS Loss: 3.536
Stage1 - Epoch: [ 10| 10] | SAE Loss: 0.122 | CLS Loss: 3.444
=========================
Training CLS Stage 2 (Train1:0.5, Train2:1.0)
=========================
Stage2 - Epoch: [  1| 10] | SAE Loss: 0.137 | CLS Loss: 2.891
Stage2 - Epoch: [  2| 10] | SAE Loss: 0.117 | CLS Loss: 2.749
Stage2 - Epoch: [  3| 10] | SAE Loss: 0.108 | CLS Loss: 2.697
Stage2 - Epoch: [  4| 10] | SAE Loss: 0.100 | CLS Loss: 2.641
Stage2 - Epoch: [  5| 10] | SAE Loss: 0.094 | CLS Loss: 2.590
Stage2 - Epoch: [  6| 10] | SAE Loss: 0.088 | CLS Loss: 2.449
Stage2 - Epoch: [  7| 10] | SAE Loss: 0.084 | CLS Loss: 2.391
Stage2 - Epoch: [  8| 10] | SAE Loss: 0.080 | CLS Loss: 2.325
Stage2 - Epoch: [  9| 10] | SAE Loss: 0.077 | CLS Loss: 2.245
Stage2 - Epoch: [ 10| 10] | SAE Loss: 0.075 | CLS Loss: 2.182
=========================
Training CLS Stage 3 (Train1:0.25, Train2:0.5, Train3:1.0)
=========================
Stage3 - Epoch: [  1| 10] | SAE Loss: 0.077 | CLS Loss: 2.115
Stage3 - Epoch: [  2| 10] | SAE Loss: 0.072 | CLS Loss: 1.996
Stage3 - Epoch: [  3| 10] | SAE Loss: 0.070 | CLS Loss: 1.933
Stage3 - Epoch: [  4| 10] | SAE Loss: 0.068 | CLS Loss: 1.879
Stage3 - Epoch: [  5| 10] | SAE Loss: 0.065 | CLS Loss: 1.829
Stage3 - Epoch: [  6| 10] | SAE Loss: 0.064 | CLS Loss: 1.742
Stage3 - Epoch: [  7| 10] | SAE Loss: 0.062 | CLS Loss: 1.697
Stage3 - Epoch: [  8| 10] | SAE Loss: 0.061 | CLS Loss: 1.657
Stage3 - Epoch: [  9| 10] | SAE Loss: 0.059 | CLS Loss: 1.613
Stage3 - Epoch: [ 10| 10] | SAE Loss: 0.059 | CLS Loss: 1.567
