Model Structure: Sequential(
  (0): Sequential(
    (0): Linear(in_features=268, out_features=134, bias=True)
    (1): ReLU()
    (2): Linear(in_features=134, out_features=89, bias=True)
    (3): ReLU()
    (4): Linear(in_features=89, out_features=67, bias=True)
    (5): ReLU()
  )
  (1): Sequential(
    (0): Linear(in_features=67, out_features=134, bias=True)
    (1): ReLU()
    (2): Dropout(p=0.2, inplace=False)
    (3): Linear(in_features=134, out_features=134, bias=True)
    (4): ReLU()
    (5): Dropout(p=0.2, inplace=False)
    (6): Linear(in_features=134, out_features=134, bias=True)
    (7): ReLU()
    (8): Dropout(p=0.2, inplace=False)
    (9): Linear(in_features=134, out_features=134, bias=True)
    (10): ReLU()
    (11): Dropout(p=0.2, inplace=False)
    (12): Linear(in_features=134, out_features=2, bias=True)
  )
)
