=========================
Training CLS Stage 1 (Train1 only)
=========================
Stage1 - Epoch: [  1| 10] | SAE Loss: 0.665 | CLS Loss: 2.989
Stage1 - Epoch: [  2| 10] | SAE Loss: 0.326 | CLS Loss: 2.047
Stage1 - Epoch: [  3| 10] | SAE Loss: 0.216 | CLS Loss: 1.850
Stage1 - Epoch: [  4| 10] | SAE Loss: 0.166 | CLS Loss: 1.651
Stage1 - Epoch: [  5| 10] | SAE Loss: 0.147 | CLS Loss: 1.486
Stage1 - Epoch: [  6| 10] | SAE Loss: 0.136 | CLS Loss: 1.343
Stage1 - Epoch: [  7| 10] | SAE Loss: 0.133 | CLS Loss: 1.228
Stage1 - Epoch: [  8| 10] | SAE Loss: 0.131 | CLS Loss: 1.139
Stage1 - Epoch: [  9| 10] | SAE Loss: 0.127 | CLS Loss: 1.079
Stage1 - Epoch: [ 10| 10] | SAE Loss: 0.124 | CLS Loss: 1.037
=========================
Training CLS Stage 2 (Train1:0.5, Train2:1.0)
=========================
Stage2 - Epoch: [  1| 10] | SAE Loss: 0.148 | CLS Loss: 0.956
Stage2 - Epoch: [  2| 10] | SAE Loss: 0.138 | CLS Loss: 0.823
Stage2 - Epoch: [  3| 10] | SAE Loss: 0.130 | CLS Loss: 0.773
Stage2 - Epoch: [  4| 10] | SAE Loss: 0.123 | CLS Loss: 0.735
Stage2 - Epoch: [  5| 10] | SAE Loss: 0.119 | CLS Loss: 0.708
Stage2 - Epoch: [  6| 10] | SAE Loss: 0.114 | CLS Loss: 0.627
Stage2 - Epoch: [  7| 10] | SAE Loss: 0.110 | CLS Loss: 0.618
Stage2 - Epoch: [  8| 10] | SAE Loss: 0.106 | CLS Loss: 0.586
Stage2 - Epoch: [  9| 10] | SAE Loss: 0.103 | CLS Loss: 0.592
Stage2 - Epoch: [ 10| 10] | SAE Loss: 0.099 | CLS Loss: 0.534
=========================
Training CLS Stage 3 (Train1:0.25, Train2:0.5, Train3:1.0)
=========================
Stage3 - Epoch: [  1| 10] | SAE Loss: 0.110 | CLS Loss: 0.522
Stage3 - Epoch: [  2| 10] | SAE Loss: 0.104 | CLS Loss: 0.481
Stage3 - Epoch: [  3| 10] | SAE Loss: 0.099 | CLS Loss: 0.439
Stage3 - Epoch: [  4| 10] | SAE Loss: 0.095 | CLS Loss: 0.435
Stage3 - Epoch: [  5| 10] | SAE Loss: 0.090 | CLS Loss: 0.409
Stage3 - Epoch: [  6| 10] | SAE Loss: 0.087 | CLS Loss: 0.395
Stage3 - Epoch: [  7| 10] | SAE Loss: 0.084 | CLS Loss: 0.375
Stage3 - Epoch: [  8| 10] | SAE Loss: 0.081 | CLS Loss: 0.359
Stage3 - Epoch: [  9| 10] | SAE Loss: 0.078 | CLS Loss: 0.363
Stage3 - Epoch: [ 10| 10] | SAE Loss: 0.075 | CLS Loss: 0.339
