=========================
Training CLS Stage 1 (Train1 only)
=========================
Stage1 - Epoch: [  1| 10] | SAE Loss: 0.583 | CLS Loss: 4.692
Stage1 - Epoch: [  2| 10] | SAE Loss: 0.338 | CLS Loss: 4.103
Stage1 - Epoch: [  3| 10] | SAE Loss: 0.296 | CLS Loss: 3.871
Stage1 - Epoch: [  4| 10] | SAE Loss: 0.266 | CLS Loss: 3.704
Stage1 - Epoch: [  5| 10] | SAE Loss: 0.240 | CLS Loss: 3.602
Stage1 - Epoch: [  6| 10] | SAE Loss: 0.215 | CLS Loss: 3.365
Stage1 - Epoch: [  7| 10] | SAE Loss: 0.197 | CLS Loss: 3.235
Stage1 - Epoch: [  8| 10] | SAE Loss: 0.182 | CLS Loss: 3.145
Stage1 - Epoch: [  9| 10] | SAE Loss: 0.170 | CLS Loss: 3.007
Stage1 - Epoch: [ 10| 10] | SAE Loss: 0.160 | CLS Loss: 2.922
=========================
Training CLS Stage 2 (Train1:0.5, Train2:1.0)
=========================
Stage2 - Epoch: [  1| 10] | SAE Loss: 0.158 | CLS Loss: 2.640
Stage2 - Epoch: [  2| 10] | SAE Loss: 0.140 | CLS Loss: 2.509
Stage2 - Epoch: [  3| 10] | SAE Loss: 0.126 | CLS Loss: 2.421
Stage2 - Epoch: [  4| 10] | SAE Loss: 0.116 | CLS Loss: 2.370
Stage2 - Epoch: [  5| 10] | SAE Loss: 0.109 | CLS Loss: 2.309
Stage2 - Epoch: [  6| 10] | SAE Loss: 0.102 | CLS Loss: 2.247
Stage2 - Epoch: [  7| 10] | SAE Loss: 0.096 | CLS Loss: 2.193
Stage2 - Epoch: [  8| 10] | SAE Loss: 0.090 | CLS Loss: 2.156
Stage2 - Epoch: [  9| 10] | SAE Loss: 0.085 | CLS Loss: 2.117
Stage2 - Epoch: [ 10| 10] | SAE Loss: 0.081 | CLS Loss: 2.089
=========================
Training CLS Stage 3 (Train1:0.25, Train2:0.5, Train3:1.0)
=========================
Stage3 - Epoch: [  1| 10] | SAE Loss: 0.090 | CLS Loss: 2.050
Stage3 - Epoch: [  2| 10] | SAE Loss: 0.080 | CLS Loss: 1.917
Stage3 - Epoch: [  3| 10] | SAE Loss: 0.075 | CLS Loss: 1.868
Stage3 - Epoch: [  4| 10] | SAE Loss: 0.070 | CLS Loss: 1.824
Stage3 - Epoch: [  5| 10] | SAE Loss: 0.065 | CLS Loss: 1.810
Stage3 - Epoch: [  6| 10] | SAE Loss: 0.063 | CLS Loss: 1.743
Stage3 - Epoch: [  7| 10] | SAE Loss: 0.060 | CLS Loss: 1.726
Stage3 - Epoch: [  8| 10] | SAE Loss: 0.057 | CLS Loss: 1.702
Stage3 - Epoch: [  9| 10] | SAE Loss: 0.056 | CLS Loss: 1.703
Stage3 - Epoch: [ 10| 10] | SAE Loss: 0.054 | CLS Loss: 1.656
